{
  "nbformat": 4,
  "nbformat_minor": 0,
  "metadata": {
    "colab": {
      "provenance": [],
      "mount_file_id": "1uDk4-zdNuj80lYoWSyx7LQtxUqeFTtlo",
      "authorship_tag": "ABX9TyMOeYeywSyPwgog4yrhDK4c",
      "include_colab_link": true
    },
    "kernelspec": {
      "name": "python3",
      "display_name": "Python 3"
    },
    "language_info": {
      "name": "python"
    },
    "accelerator": "GPU",
    "gpuClass": "standard"
  },
  "cells": [
    {
      "cell_type": "markdown",
      "metadata": {
        "id": "view-in-github",
        "colab_type": "text"
      },
      "source": [
        "<a href=\"https://colab.research.google.com/github/TABARU-muu/2023-1Project/blob/main/%EB%A7%9B%EC%A7%91_%EC%B6%94%EC%B2%9C\" target=\"_parent\"><img src=\"https://colab.research.google.com/assets/colab-badge.svg\" alt=\"Open In Colab\"/></a>"
      ]
    },
    {
      "cell_type": "code",
      "execution_count": 23,
      "metadata": {
        "id": "93pXKZlsGnir"
      },
      "outputs": [],
      "source": [
        "import requests\n",
        "import json\n",
        "import datetime\n",
        "\n",
        "vilage_weather_url = \"http://apis.data.go.kr/1360000/VilageFcstInfoService_2.0/getVilageFcst?\"\n",
        "\n",
        "service_key = \"YOUR SERVICE KEY\"\n",
        "\n",
        "today = datetime.datetime.today()"
      ]
    },
    {
      "cell_type": "code",
      "source": [
        "today"
      ],
      "metadata": {
        "colab": {
          "base_uri": "https://localhost:8080/"
        },
        "id": "QMYCoMpkRDcu",
        "outputId": "230fd367-a222-4c52-ce59-11f41ec8ef04"
      },
      "execution_count": 24,
      "outputs": [
        {
          "output_type": "execute_result",
          "data": {
            "text/plain": [
              "datetime.datetime(2023, 4, 15, 15, 32, 54, 963927)"
            ]
          },
          "metadata": {},
          "execution_count": 24
        }
      ]
    },
    {
      "cell_type": "code",
      "source": [
        "base_date = today.strftime(\"%Y%m%d\") # \"20200214\" == 기준 날짜\n",
        "base_time = \"0800\" # 날씨 값\n",
        "\n",
        "nx = \"60\"\n",
        "ny = \"128\""
      ],
      "metadata": {
        "id": "3C7xWy7RRkxG"
      },
      "execution_count": 25,
      "outputs": []
    },
    {
      "cell_type": "code",
      "source": [
        "base_date"
      ],
      "metadata": {
        "colab": {
          "base_uri": "https://localhost:8080/",
          "height": 35
        },
        "id": "WNHZEUNVhaOh",
        "outputId": "6f3ffed7-689a-4dd8-bef2-585145c28797"
      },
      "execution_count": 26,
      "outputs": [
        {
          "output_type": "execute_result",
          "data": {
            "text/plain": [
              "'20230415'"
            ],
            "application/vnd.google.colaboratory.intrinsic+json": {
              "type": "string"
            }
          },
          "metadata": {},
          "execution_count": 26
        }
      ]
    },
    {
      "cell_type": "code",
      "source": [
        "payload = \"serviceKey=\" + service_key + \"&\" +\\\n",
        "    \"dataType=json\" + \"&\" +\\\n",
        "    \"base_date=\" + base_date + \"&\" +\\\n",
        "    \"base_time=\" + base_time + \"&\" +\\\n",
        "    \"nx=\" + nx + \"&\" +\\\n",
        "    \"ny=\" + ny\n",
        "\n",
        "# 값 요청\n",
        "res = requests.get(vilage_weather_url + payload)\n",
        "\n"
      ],
      "metadata": {
        "id": "Q927XYeZhg5B"
      },
      "execution_count": 27,
      "outputs": []
    },
    {
      "cell_type": "code",
      "source": [
        "res.status_code"
      ],
      "metadata": {
        "colab": {
          "base_uri": "https://localhost:8080/"
        },
        "id": "Ul6fbgILhn-d",
        "outputId": "fcf33858-3cb0-405d-c26f-ec84825e54fd"
      },
      "execution_count": 28,
      "outputs": [
        {
          "output_type": "execute_result",
          "data": {
            "text/plain": [
              "200"
            ]
          },
          "metadata": {},
          "execution_count": 28
        }
      ]
    },
    {
      "cell_type": "code",
      "source": [
        "res.json"
      ],
      "metadata": {
        "colab": {
          "base_uri": "https://localhost:8080/"
        },
        "id": "NWu1VzPyh5jU",
        "outputId": "6ae6f671-9eac-4384-c592-a5433bb874a9"
      },
      "execution_count": 29,
      "outputs": [
        {
          "output_type": "execute_result",
          "data": {
            "text/plain": [
              "<bound method Response.json of <Response [200]>>"
            ]
          },
          "metadata": {},
          "execution_count": 29
        }
      ]
    },
    {
      "cell_type": "code",
      "source": [
        "items = res.json().get('response').get('body').get('items').get('item')"
      ],
      "metadata": {
        "colab": {
          "base_uri": "https://localhost:8080/",
          "height": 552
        },
        "id": "5LHql3X-iAJh",
        "outputId": "92b3cd16-dac0-44a7-939d-47c9e5b86c47"
      },
      "execution_count": 31,
      "outputs": [
        {
          "output_type": "error",
          "ename": "JSONDecodeError",
          "evalue": "ignored",
          "traceback": [
            "\u001b[0;31m---------------------------------------------------------------------------\u001b[0m",
            "\u001b[0;31mJSONDecodeError\u001b[0m                           Traceback (most recent call last)",
            "\u001b[0;32m/usr/local/lib/python3.9/dist-packages/requests/models.py\u001b[0m in \u001b[0;36mjson\u001b[0;34m(self, **kwargs)\u001b[0m\n\u001b[1;32m    909\u001b[0m         \u001b[0;32mtry\u001b[0m\u001b[0;34m:\u001b[0m\u001b[0;34m\u001b[0m\u001b[0;34m\u001b[0m\u001b[0m\n\u001b[0;32m--> 910\u001b[0;31m             \u001b[0;32mreturn\u001b[0m \u001b[0mcomplexjson\u001b[0m\u001b[0;34m.\u001b[0m\u001b[0mloads\u001b[0m\u001b[0;34m(\u001b[0m\u001b[0mself\u001b[0m\u001b[0;34m.\u001b[0m\u001b[0mtext\u001b[0m\u001b[0;34m,\u001b[0m \u001b[0;34m**\u001b[0m\u001b[0mkwargs\u001b[0m\u001b[0;34m)\u001b[0m\u001b[0;34m\u001b[0m\u001b[0;34m\u001b[0m\u001b[0m\n\u001b[0m\u001b[1;32m    911\u001b[0m         \u001b[0;32mexcept\u001b[0m \u001b[0mJSONDecodeError\u001b[0m \u001b[0;32mas\u001b[0m \u001b[0me\u001b[0m\u001b[0;34m:\u001b[0m\u001b[0;34m\u001b[0m\u001b[0;34m\u001b[0m\u001b[0m\n",
            "\u001b[0;32m/usr/lib/python3.9/json/__init__.py\u001b[0m in \u001b[0;36mloads\u001b[0;34m(s, cls, object_hook, parse_float, parse_int, parse_constant, object_pairs_hook, **kw)\u001b[0m\n\u001b[1;32m    345\u001b[0m             parse_constant is None and object_pairs_hook is None and not kw):\n\u001b[0;32m--> 346\u001b[0;31m         \u001b[0;32mreturn\u001b[0m \u001b[0m_default_decoder\u001b[0m\u001b[0;34m.\u001b[0m\u001b[0mdecode\u001b[0m\u001b[0;34m(\u001b[0m\u001b[0ms\u001b[0m\u001b[0;34m)\u001b[0m\u001b[0;34m\u001b[0m\u001b[0;34m\u001b[0m\u001b[0m\n\u001b[0m\u001b[1;32m    347\u001b[0m     \u001b[0;32mif\u001b[0m \u001b[0mcls\u001b[0m \u001b[0;32mis\u001b[0m \u001b[0;32mNone\u001b[0m\u001b[0;34m:\u001b[0m\u001b[0;34m\u001b[0m\u001b[0;34m\u001b[0m\u001b[0m\n",
            "\u001b[0;32m/usr/lib/python3.9/json/decoder.py\u001b[0m in \u001b[0;36mdecode\u001b[0;34m(self, s, _w)\u001b[0m\n\u001b[1;32m    336\u001b[0m         \"\"\"\n\u001b[0;32m--> 337\u001b[0;31m         \u001b[0mobj\u001b[0m\u001b[0;34m,\u001b[0m \u001b[0mend\u001b[0m \u001b[0;34m=\u001b[0m \u001b[0mself\u001b[0m\u001b[0;34m.\u001b[0m\u001b[0mraw_decode\u001b[0m\u001b[0;34m(\u001b[0m\u001b[0ms\u001b[0m\u001b[0;34m,\u001b[0m \u001b[0midx\u001b[0m\u001b[0;34m=\u001b[0m\u001b[0m_w\u001b[0m\u001b[0;34m(\u001b[0m\u001b[0ms\u001b[0m\u001b[0;34m,\u001b[0m \u001b[0;36m0\u001b[0m\u001b[0;34m)\u001b[0m\u001b[0;34m.\u001b[0m\u001b[0mend\u001b[0m\u001b[0;34m(\u001b[0m\u001b[0;34m)\u001b[0m\u001b[0;34m)\u001b[0m\u001b[0;34m\u001b[0m\u001b[0;34m\u001b[0m\u001b[0m\n\u001b[0m\u001b[1;32m    338\u001b[0m         \u001b[0mend\u001b[0m \u001b[0;34m=\u001b[0m \u001b[0m_w\u001b[0m\u001b[0;34m(\u001b[0m\u001b[0ms\u001b[0m\u001b[0;34m,\u001b[0m \u001b[0mend\u001b[0m\u001b[0;34m)\u001b[0m\u001b[0;34m.\u001b[0m\u001b[0mend\u001b[0m\u001b[0;34m(\u001b[0m\u001b[0;34m)\u001b[0m\u001b[0;34m\u001b[0m\u001b[0;34m\u001b[0m\u001b[0m\n",
            "\u001b[0;32m/usr/lib/python3.9/json/decoder.py\u001b[0m in \u001b[0;36mraw_decode\u001b[0;34m(self, s, idx)\u001b[0m\n\u001b[1;32m    354\u001b[0m         \u001b[0;32mexcept\u001b[0m \u001b[0mStopIteration\u001b[0m \u001b[0;32mas\u001b[0m \u001b[0merr\u001b[0m\u001b[0;34m:\u001b[0m\u001b[0;34m\u001b[0m\u001b[0;34m\u001b[0m\u001b[0m\n\u001b[0;32m--> 355\u001b[0;31m             \u001b[0;32mraise\u001b[0m \u001b[0mJSONDecodeError\u001b[0m\u001b[0;34m(\u001b[0m\u001b[0;34m\"Expecting value\"\u001b[0m\u001b[0;34m,\u001b[0m \u001b[0ms\u001b[0m\u001b[0;34m,\u001b[0m \u001b[0merr\u001b[0m\u001b[0;34m.\u001b[0m\u001b[0mvalue\u001b[0m\u001b[0;34m)\u001b[0m \u001b[0;32mfrom\u001b[0m \u001b[0;32mNone\u001b[0m\u001b[0;34m\u001b[0m\u001b[0;34m\u001b[0m\u001b[0m\n\u001b[0m\u001b[1;32m    356\u001b[0m         \u001b[0;32mreturn\u001b[0m \u001b[0mobj\u001b[0m\u001b[0;34m,\u001b[0m \u001b[0mend\u001b[0m\u001b[0;34m\u001b[0m\u001b[0;34m\u001b[0m\u001b[0m\n",
            "\u001b[0;31mJSONDecodeError\u001b[0m: Expecting value: line 1 column 1 (char 0)",
            "\nDuring handling of the above exception, another exception occurred:\n",
            "\u001b[0;31mJSONDecodeError\u001b[0m                           Traceback (most recent call last)",
            "\u001b[0;32m<ipython-input-31-6f8b10353940>\u001b[0m in \u001b[0;36m<cell line: 1>\u001b[0;34m()\u001b[0m\n\u001b[0;32m----> 1\u001b[0;31m \u001b[0mitems\u001b[0m \u001b[0;34m=\u001b[0m \u001b[0mres\u001b[0m\u001b[0;34m.\u001b[0m\u001b[0mjson\u001b[0m\u001b[0;34m(\u001b[0m\u001b[0;34m)\u001b[0m\u001b[0;34m.\u001b[0m\u001b[0mget\u001b[0m\u001b[0;34m(\u001b[0m\u001b[0;34m'response'\u001b[0m\u001b[0;34m)\u001b[0m\u001b[0;34m.\u001b[0m\u001b[0mget\u001b[0m\u001b[0;34m(\u001b[0m\u001b[0;34m'body'\u001b[0m\u001b[0;34m)\u001b[0m\u001b[0;34m.\u001b[0m\u001b[0mget\u001b[0m\u001b[0;34m(\u001b[0m\u001b[0;34m'items'\u001b[0m\u001b[0;34m)\u001b[0m\u001b[0;34m.\u001b[0m\u001b[0mget\u001b[0m\u001b[0;34m(\u001b[0m\u001b[0;34m'item'\u001b[0m\u001b[0;34m)\u001b[0m\u001b[0;34m\u001b[0m\u001b[0;34m\u001b[0m\u001b[0m\n\u001b[0m",
            "\u001b[0;32m/usr/local/lib/python3.9/dist-packages/requests/models.py\u001b[0m in \u001b[0;36mjson\u001b[0;34m(self, **kwargs)\u001b[0m\n\u001b[1;32m    915\u001b[0m                 \u001b[0;32mraise\u001b[0m \u001b[0mRequestsJSONDecodeError\u001b[0m\u001b[0;34m(\u001b[0m\u001b[0me\u001b[0m\u001b[0;34m.\u001b[0m\u001b[0mmessage\u001b[0m\u001b[0;34m)\u001b[0m\u001b[0;34m\u001b[0m\u001b[0;34m\u001b[0m\u001b[0m\n\u001b[1;32m    916\u001b[0m             \u001b[0;32melse\u001b[0m\u001b[0;34m:\u001b[0m\u001b[0;34m\u001b[0m\u001b[0;34m\u001b[0m\u001b[0m\n\u001b[0;32m--> 917\u001b[0;31m                 \u001b[0;32mraise\u001b[0m \u001b[0mRequestsJSONDecodeError\u001b[0m\u001b[0;34m(\u001b[0m\u001b[0me\u001b[0m\u001b[0;34m.\u001b[0m\u001b[0mmsg\u001b[0m\u001b[0;34m,\u001b[0m \u001b[0me\u001b[0m\u001b[0;34m.\u001b[0m\u001b[0mdoc\u001b[0m\u001b[0;34m,\u001b[0m \u001b[0me\u001b[0m\u001b[0;34m.\u001b[0m\u001b[0mpos\u001b[0m\u001b[0;34m)\u001b[0m\u001b[0;34m\u001b[0m\u001b[0;34m\u001b[0m\u001b[0m\n\u001b[0m\u001b[1;32m    918\u001b[0m \u001b[0;34m\u001b[0m\u001b[0m\n\u001b[1;32m    919\u001b[0m     \u001b[0;34m@\u001b[0m\u001b[0mproperty\u001b[0m\u001b[0;34m\u001b[0m\u001b[0;34m\u001b[0m\u001b[0m\n",
            "\u001b[0;31mJSONDecodeError\u001b[0m: [Errno Expecting value] <OpenAPI_ServiceResponse>\n\t<cmmMsgHeader>\n\t\t<errMsg>SERVICE ERROR</errMsg>\n\t\t<returnAuthMsg>SERVICE_KEY_IS_NOT_REGISTERED_ERROR</returnAuthMsg>\n\t\t<returnReasonCode>30</returnReasonCode>\n\t</cmmMsgHeader>\n</OpenAPI_ServiceResponse>: 0"
          ]
        }
      ]
    },
    {
      "cell_type": "code",
      "source": [],
      "metadata": {
        "id": "iNfu6TX8jCQk"
      },
      "execution_count": null,
      "outputs": []
    }
  ]
}